TN:
SF:src\domain\entities\log.entity.ts
FN:20,LogEntity
FN:28,Object.<anonymous>.LogEntity.fromJson
FN:43,Object.<anonymous>.LogEntity.fromObject
FNF:3
FNH:2
FNDA:16,LogEntity
FNDA:10,Object.<anonymous>.LogEntity.fromJson
FNDA:0,Object.<anonymous>.LogEntity.fromObject
DA:1,1
DA:2,1
DA:3,1
DA:4,1
DA:5,1
DA:6,1
DA:7,1
DA:8,1
DA:9,1
DA:10,1
DA:11,1
DA:12,1
DA:13,1
DA:14,1
DA:15,1
DA:16,1
DA:17,1
DA:18,1
DA:19,1
DA:20,1
DA:21,16
DA:22,16
DA:23,16
DA:24,16
DA:25,16
DA:26,16
DA:27,1
DA:28,1
DA:29,10
DA:30,10
DA:31,10
DA:32,10
DA:33,10
DA:34,10
DA:35,10
DA:36,10
DA:37,10
DA:38,10
DA:39,10
DA:40,10
DA:41,10
DA:42,1
DA:43,1
DA:44,0
DA:45,0
DA:46,0
DA:47,0
DA:48,0
DA:49,0
DA:50,1
LF:50
LH:44
BRDA:1,0,0,1
BRDA:20,1,0,16
BRDA:28,2,0,10
BRDA:29,3,0,0
BRF:4
BRH:3
end_of_record
TN:
SF:src\infrastructure\datasources\file-system.datasource.ts
FN:12,FileSystemDatasource
FN:16,FileSystemDatasource.createLogsFiles
FN:42,FileSystemDatasource.getLogsFromFile
FN:29,saveLog
FN:52,getLogs
FNF:5
FNH:5
FNDA:8,FileSystemDatasource
FNDA:8,FileSystemDatasource.createLogsFiles
FNDA:3,FileSystemDatasource.getLogsFromFile
FNDA:6,saveLog
FNDA:4,getLogs
DA:1,1
DA:2,1
DA:3,1
DA:4,1
DA:5,1
DA:6,1
DA:7,1
DA:8,1
DA:9,1
DA:10,1
DA:11,1
DA:12,1
DA:13,8
DA:14,8
DA:15,1
DA:16,1
DA:17,8
DA:18,1
DA:19,1
DA:20,8
DA:21,8
DA:22,8
DA:23,24
DA:24,3
DA:25,3
DA:26,8
DA:27,1
DA:28,1
DA:29,1
DA:30,6
DA:31,6
DA:32,6
DA:33,6
DA:34,6
DA:35,6
DA:36,2
DA:37,2
DA:38,2
DA:39,2
DA:40,6
DA:41,1
DA:42,1
DA:43,3
DA:44,3
DA:45,3
DA:46,3
DA:47,3
DA:48,3
DA:49,3
DA:50,1
DA:51,1
DA:52,1
DA:53,4
DA:54,4
DA:55,1
DA:56,4
DA:57,1
DA:58,4
DA:59,1
DA:60,4
DA:61,1
DA:62,4
DA:63,4
DA:64,1
DA:65,1
LF:65
LH:65
BRDA:12,0,0,8
BRDA:16,1,0,8
BRDA:17,2,0,1
BRDA:22,3,0,24
BRDA:23,4,0,21
BRDA:24,5,0,3
BRDA:42,6,0,3
BRDA:46,7,0,13
BRDA:29,8,0,6
BRDA:34,9,0,2
BRDA:35,10,0,4
BRDA:35,11,0,2
BRDA:52,12,0,4
BRDA:54,13,0,1
BRDA:56,14,0,1
BRDA:58,15,0,1
BRDA:60,16,0,1
BRF:17
BRH:17
end_of_record
